2678 initialise_clink          100 Host process is 'cmd.exe'
2678 hook_setter::hook_setter   36 >>> Started hook transaction.
2678 hook_iat                   53 Attempting to hook IAT for module 00007FF69B180000
2678 hook_iat                   54 Target is (null),SetEnvironmentVariableW (by_name=1)
2678 pe_info::iterate_imports  154 Checking imports in 'msvcrt.dll'
2678 pe_info::iterate_imports  154 Checking imports in 'ntdll.dll'
2678 pe_info::iterate_imports  154 Checking imports in 'api-ms-win-core-kernel32-legacy-l1-1-0.dll'
2678 pe_info::iterate_imports  154 Checking imports in 'api-ms-win-core-libraryloader-l1-2-0.dll'
2678 pe_info::iterate_imports  154 Checking imports in 'api-ms-win-core-synch-l1-1-0.dll'
2678 pe_info::iterate_imports  154 Checking imports in 'api-ms-win-core-heap-l1-1-0.dll'
2678 pe_info::iterate_imports  154 Checking imports in 'api-ms-win-core-errorhandling-l1-1-0.dll'
2678 pe_info::iterate_imports  154 Checking imports in 'api-ms-win-core-processthreads-l1-1-0.dll'
2678 pe_info::iterate_imports  154 Checking imports in 'api-ms-win-core-localization-l1-2-0.dll'
2678 pe_info::iterate_imports  154 Checking imports in 'api-ms-win-core-debug-l1-1-0.dll'
2678 pe_info::iterate_imports  154 Checking imports in 'api-ms-win-core-handle-l1-1-0.dll'
2678 pe_info::iterate_imports  154 Checking imports in 'api-ms-win-core-memory-l1-1-0.dll'
2678 pe_info::iterate_imports  154 Checking imports in 'api-ms-win-core-console-l1-1-0.dll'
2678 pe_info::iterate_imports  154 Checking imports in 'api-ms-win-core-file-l1-1-0.dll'
2678 pe_info::iterate_imports  154 Checking imports in 'api-ms-win-core-string-l1-1-0.dll'
2678 pe_info::iterate_imports  154 Checking imports in 'api-ms-win-core-processenvironment-l1-1-0.dll'
2678 hook_iat                   81 Found import at 00007FF69B1B3860 (value = 00007FFCBD27AF70)
2678 hook_iat                   53 Attempting to hook IAT for module 00007FFC7A120000
2678 hook_iat                   54 Target is (null),SetEnvironmentVariableW (by_name=1)
2678 pe_info::iterate_imports  154 Checking imports in 'VERSION.dll'
2678 pe_info::iterate_imports  154 Checking imports in 'SHLWAPI.dll'
2678 pe_info::iterate_imports  154 Checking imports in 'dbghelp.dll'
2678 pe_info::iterate_imports  154 Checking imports in 'KERNEL32.dll'
2678 hook_iat                   81 Found import at 00007FFC7A1DC1D0 (value = 00007FFCBEB009C0)
2678 hook_iat                   53 Attempting to hook IAT for module 00007FF69B180000
2678 hook_iat                   54 Target is (null),WriteConsoleW (by_name=1)
2678 pe_info::iterate_imports  154 Checking imports in 'msvcrt.dll'
2678 pe_info::iterate_imports  154 Checking imports in 'ntdll.dll'
2678 pe_info::iterate_imports  154 Checking imports in 'api-ms-win-core-kernel32-legacy-l1-1-0.dll'
2678 pe_info::iterate_imports  154 Checking imports in 'api-ms-win-core-libraryloader-l1-2-0.dll'
2678 pe_info::iterate_imports  154 Checking imports in 'api-ms-win-core-synch-l1-1-0.dll'
2678 pe_info::iterate_imports  154 Checking imports in 'api-ms-win-core-heap-l1-1-0.dll'
2678 pe_info::iterate_imports  154 Checking imports in 'api-ms-win-core-errorhandling-l1-1-0.dll'
2678 pe_info::iterate_imports  154 Checking imports in 'api-ms-win-core-processthreads-l1-1-0.dll'
2678 pe_info::iterate_imports  154 Checking imports in 'api-ms-win-core-localization-l1-2-0.dll'
2678 pe_info::iterate_imports  154 Checking imports in 'api-ms-win-core-debug-l1-1-0.dll'
2678 pe_info::iterate_imports  154 Checking imports in 'api-ms-win-core-handle-l1-1-0.dll'
2678 pe_info::iterate_imports  154 Checking imports in 'api-ms-win-core-memory-l1-1-0.dll'
2678 pe_info::iterate_imports  154 Checking imports in 'api-ms-win-core-console-l1-1-0.dll'
2678 hook_iat                   81 Found import at 00007FF69B1B34F8 (value = 00007FFCBD21A170)
2678 hook_iat                   53 Attempting to hook IAT for module 00007FFC7A120000
2678 hook_iat                   54 Target is (null),WriteConsoleW (by_name=1)
2678 pe_info::iterate_imports  154 Checking imports in 'VERSION.dll'
2678 pe_info::iterate_imports  154 Checking imports in 'SHLWAPI.dll'
2678 pe_info::iterate_imports  154 Checking imports in 'dbghelp.dll'
2678 pe_info::iterate_imports  154 Checking imports in 'KERNEL32.dll'
2678 hook_iat                   81 Found import at 00007FFC7A1DC0C8 (value = 00007FFCBEB053C0)
2678 hook_iat                   53 Attempting to hook IAT for module 00007FF69B180000
2678 hook_iat                   54 Target is (null),GetEnvironmentVariableW (by_name=1)
2678 pe_info::iterate_imports  154 Checking imports in 'msvcrt.dll'
2678 pe_info::iterate_imports  154 Checking imports in 'ntdll.dll'
2678 pe_info::iterate_imports  154 Checking imports in 'api-ms-win-core-kernel32-legacy-l1-1-0.dll'
2678 pe_info::iterate_imports  154 Checking imports in 'api-ms-win-core-libraryloader-l1-2-0.dll'
2678 pe_info::iterate_imports  154 Checking imports in 'api-ms-win-core-synch-l1-1-0.dll'
2678 pe_info::iterate_imports  154 Checking imports in 'api-ms-win-core-heap-l1-1-0.dll'
2678 pe_info::iterate_imports  154 Checking imports in 'api-ms-win-core-errorhandling-l1-1-0.dll'
2678 pe_info::iterate_imports  154 Checking imports in 'api-ms-win-core-processthreads-l1-1-0.dll'
2678 pe_info::iterate_imports  154 Checking imports in 'api-ms-win-core-localization-l1-2-0.dll'
2678 pe_info::iterate_imports  154 Checking imports in 'api-ms-win-core-debug-l1-1-0.dll'
2678 pe_info::iterate_imports  154 Checking imports in 'api-ms-win-core-handle-l1-1-0.dll'
2678 pe_info::iterate_imports  154 Checking imports in 'api-ms-win-core-memory-l1-1-0.dll'
2678 pe_info::iterate_imports  154 Checking imports in 'api-ms-win-core-console-l1-1-0.dll'
2678 pe_info::iterate_imports  154 Checking imports in 'api-ms-win-core-file-l1-1-0.dll'
2678 pe_info::iterate_imports  154 Checking imports in 'api-ms-win-core-string-l1-1-0.dll'
2678 pe_info::iterate_imports  154 Checking imports in 'api-ms-win-core-processenvironment-l1-1-0.dll'
2678 hook_iat                   81 Found import at 00007FF69B1B3880 (value = 00007FFCBD233480)
2678 hook_iat                   53 Attempting to hook IAT for module 00007FFC7A120000
2678 hook_iat                   54 Target is (null),GetEnvironmentVariableW (by_name=1)
2678 pe_info::iterate_imports  154 Checking imports in 'VERSION.dll'
2678 pe_info::iterate_imports  154 Checking imports in 'SHLWAPI.dll'
2678 pe_info::iterate_imports  154 Checking imports in 'dbghelp.dll'
2678 pe_info::iterate_imports  154 Checking imports in 'KERNEL32.dll'
2678 hook_iat                   81 Found import at 00007FFC7A1DC1C8 (value = 00007FFCBEAFB620)
2678 hook_setter::commit        88 <<< Hook transaction committed.
2678 hook_iat                   53 Attempting to hook IAT for module 00007FF69B180000
2678 hook_iat                   54 Target is (null),GetEnvironmentVariableW (by_name=1)
2678 pe_info::iterate_imports  154 Checking imports in 'msvcrt.dll'
2678 pe_info::iterate_imports  154 Checking imports in 'ntdll.dll'
2678 pe_info::iterate_imports  154 Checking imports in 'api-ms-win-core-kernel32-legacy-l1-1-0.dll'
2678 pe_info::iterate_imports  154 Checking imports in 'api-ms-win-core-libraryloader-l1-2-0.dll'
2678 pe_info::iterate_imports  154 Checking imports in 'api-ms-win-core-synch-l1-1-0.dll'
2678 pe_info::iterate_imports  154 Checking imports in 'api-ms-win-core-heap-l1-1-0.dll'
2678 pe_info::iterate_imports  154 Checking imports in 'api-ms-win-core-errorhandling-l1-1-0.dll'
2678 pe_info::iterate_imports  154 Checking imports in 'api-ms-win-core-processthreads-l1-1-0.dll'
2678 pe_info::iterate_imports  154 Checking imports in 'api-ms-win-core-localization-l1-2-0.dll'
2678 pe_info::iterate_imports  154 Checking imports in 'api-ms-win-core-debug-l1-1-0.dll'
2678 pe_info::iterate_imports  154 Checking imports in 'api-ms-win-core-handle-l1-1-0.dll'
2678 pe_info::iterate_imports  154 Checking imports in 'api-ms-win-core-memory-l1-1-0.dll'
2678 pe_info::iterate_imports  154 Checking imports in 'api-ms-win-core-console-l1-1-0.dll'
2678 pe_info::iterate_imports  154 Checking imports in 'api-ms-win-core-file-l1-1-0.dll'
2678 pe_info::iterate_imports  154 Checking imports in 'api-ms-win-core-string-l1-1-0.dll'
2678 pe_info::iterate_imports  154 Checking imports in 'api-ms-win-core-processenvironment-l1-1-0.dll'
2678 hook_iat                   81 Found import at 00007FF69B1B3880 (value = 00007FFC7A12D770)
2678 hook_setter::hook_setter   36 >>> Started hook transaction.
2678 hook_setter::add_detour   119 Attempting to hook ReadConsoleW in kernelbase.dll with 00007FFC7A12DAE0.
2678 add_repair_iat_node       135 Attempting to hook IAT for module 00007FFC7A120000.
2678 add_repair_iat_node       143 Target is ReadConsoleW (by name).
2678 pe_info::iterate_imports  154 Checking imports in 'VERSION.dll'
2678 pe_info::iterate_imports  154 Checking imports in 'SHLWAPI.dll'
2678 pe_info::iterate_imports  154 Checking imports in 'dbghelp.dll'
2678 pe_info::iterate_imports  154 Checking imports in 'KERNEL32.dll'
2678 add_repair_iat_node       168 Found import at 00007FFC7A1DC1C0 (value is 00007FFCBEB05370).
2678 hook_setter::add_detour   119 Attempting to hook ReadConsoleW in kernel32.dll with 00007FFC7A12DAE0.
2678 follow_jump               121 Following jump to 00007FFCBD30EED0
2678 add_repair_iat_node       135 Attempting to hook IAT for module 00007FFC7A120000.
2678 add_repair_iat_node       143 Target is ReadConsoleW (by name).
2678 pe_info::iterate_imports  154 Checking imports in 'VERSION.dll'
2678 pe_info::iterate_imports  154 Checking imports in 'SHLWAPI.dll'
2678 pe_info::iterate_imports  154 Checking imports in 'dbghelp.dll'
2678 pe_info::iterate_imports  154 Checking imports in 'KERNEL32.dll'
2678 add_repair_iat_node       168 Found import at 00007FFC7A1DC1C0 (value is 00007FFCBEB05370).
2678 hook_setter::commit        88 <<< Hook transaction committed.
2678 extract_ctag              638 read 0 bytes
2678 extract_ctag              638 read 0 bytes
2678 history_db::initialise    789 master bank ctag: |CTAG_1611859139_1023762609_9848_0
2678 history_db::compact       922 History:  0 active, 0 deleted
2678 win_screen_buffer::begin   77 Using native terminal support; found 'conemuhk64.dll'.
41e0 initialise_clink          100 Host process is 'cmd.exe'
41e0 hook_setter::hook_setter   36 >>> Started hook transaction.
41e0 hook_iat                   53 Attempting to hook IAT for module 00007FF7CC8B0000
41e0 hook_iat                   54 Target is (null),SetEnvironmentVariableW (by_name=1)
41e0 pe_info::iterate_imports  154 Checking imports in 'msvcrt.dll'
41e0 pe_info::iterate_imports  154 Checking imports in 'ntdll.dll'
41e0 pe_info::iterate_imports  154 Checking imports in 'api-ms-win-core-kernel32-legacy-l1-1-0.dll'
41e0 pe_info::iterate_imports  154 Checking imports in 'api-ms-win-core-libraryloader-l1-2-0.dll'
41e0 pe_info::iterate_imports  154 Checking imports in 'api-ms-win-core-synch-l1-1-0.dll'
41e0 pe_info::iterate_imports  154 Checking imports in 'api-ms-win-core-heap-l1-1-0.dll'
41e0 pe_info::iterate_imports  154 Checking imports in 'api-ms-win-core-errorhandling-l1-1-0.dll'
41e0 pe_info::iterate_imports  154 Checking imports in 'api-ms-win-core-processthreads-l1-1-0.dll'
41e0 pe_info::iterate_imports  154 Checking imports in 'api-ms-win-core-localization-l1-2-0.dll'
41e0 pe_info::iterate_imports  154 Checking imports in 'api-ms-win-core-debug-l1-1-0.dll'
41e0 pe_info::iterate_imports  154 Checking imports in 'api-ms-win-core-handle-l1-1-0.dll'
41e0 pe_info::iterate_imports  154 Checking imports in 'api-ms-win-core-memory-l1-1-0.dll'
41e0 pe_info::iterate_imports  154 Checking imports in 'api-ms-win-core-console-l1-1-0.dll'
41e0 pe_info::iterate_imports  154 Checking imports in 'api-ms-win-core-file-l1-1-0.dll'
41e0 pe_info::iterate_imports  154 Checking imports in 'api-ms-win-core-string-l1-1-0.dll'
41e0 pe_info::iterate_imports  154 Checking imports in 'api-ms-win-core-processenvironment-l1-1-0.dll'
41e0 hook_iat                   81 Found import at 00007FF7CC8E3860 (value = 00007FFCBE00AF70)
41e0 hook_iat                   53 Attempting to hook IAT for module 00007FFC4F3B0000
41e0 hook_iat                   54 Target is (null),SetEnvironmentVariableW (by_name=1)
41e0 pe_info::iterate_imports  154 Checking imports in 'VERSION.dll'
41e0 pe_info::iterate_imports  154 Checking imports in 'SHLWAPI.dll'
41e0 pe_info::iterate_imports  154 Checking imports in 'dbghelp.dll'
41e0 pe_info::iterate_imports  154 Checking imports in 'KERNEL32.dll'
41e0 hook_iat                   81 Found import at 00007FFC4F46C1D0 (value = 00007FFCBF6109C0)
41e0 hook_iat                   53 Attempting to hook IAT for module 00007FF7CC8B0000
41e0 hook_iat                   54 Target is (null),WriteConsoleW (by_name=1)
41e0 pe_info::iterate_imports  154 Checking imports in 'msvcrt.dll'
41e0 pe_info::iterate_imports  154 Checking imports in 'ntdll.dll'
41e0 pe_info::iterate_imports  154 Checking imports in 'api-ms-win-core-kernel32-legacy-l1-1-0.dll'
41e0 pe_info::iterate_imports  154 Checking imports in 'api-ms-win-core-libraryloader-l1-2-0.dll'
41e0 pe_info::iterate_imports  154 Checking imports in 'api-ms-win-core-synch-l1-1-0.dll'
41e0 pe_info::iterate_imports  154 Checking imports in 'api-ms-win-core-heap-l1-1-0.dll'
41e0 pe_info::iterate_imports  154 Checking imports in 'api-ms-win-core-errorhandling-l1-1-0.dll'
41e0 pe_info::iterate_imports  154 Checking imports in 'api-ms-win-core-processthreads-l1-1-0.dll'
41e0 pe_info::iterate_imports  154 Checking imports in 'api-ms-win-core-localization-l1-2-0.dll'
41e0 pe_info::iterate_imports  154 Checking imports in 'api-ms-win-core-debug-l1-1-0.dll'
41e0 pe_info::iterate_imports  154 Checking imports in 'api-ms-win-core-handle-l1-1-0.dll'
41e0 pe_info::iterate_imports  154 Checking imports in 'api-ms-win-core-memory-l1-1-0.dll'
41e0 pe_info::iterate_imports  154 Checking imports in 'api-ms-win-core-console-l1-1-0.dll'
41e0 hook_iat                   81 Found import at 00007FF7CC8E34F8 (value = 00007FFCBDFAA170)
41e0 hook_iat                   53 Attempting to hook IAT for module 00007FFC4F3B0000
41e0 hook_iat                   54 Target is (null),WriteConsoleW (by_name=1)
41e0 pe_info::iterate_imports  154 Checking imports in 'VERSION.dll'
41e0 pe_info::iterate_imports  154 Checking imports in 'SHLWAPI.dll'
41e0 pe_info::iterate_imports  154 Checking imports in 'dbghelp.dll'
41e0 pe_info::iterate_imports  154 Checking imports in 'KERNEL32.dll'
41e0 hook_iat                   81 Found import at 00007FFC4F46C0C8 (value = 00007FFCBF6153C0)
41e0 hook_iat                   53 Attempting to hook IAT for module 00007FF7CC8B0000
41e0 hook_iat                   54 Target is (null),GetEnvironmentVariableW (by_name=1)
41e0 pe_info::iterate_imports  154 Checking imports in 'msvcrt.dll'
41e0 pe_info::iterate_imports  154 Checking imports in 'ntdll.dll'
41e0 pe_info::iterate_imports  154 Checking imports in 'api-ms-win-core-kernel32-legacy-l1-1-0.dll'
41e0 pe_info::iterate_imports  154 Checking imports in 'api-ms-win-core-libraryloader-l1-2-0.dll'
41e0 pe_info::iterate_imports  154 Checking imports in 'api-ms-win-core-synch-l1-1-0.dll'
41e0 pe_info::iterate_imports  154 Checking imports in 'api-ms-win-core-heap-l1-1-0.dll'
41e0 pe_info::iterate_imports  154 Checking imports in 'api-ms-win-core-errorhandling-l1-1-0.dll'
41e0 pe_info::iterate_imports  154 Checking imports in 'api-ms-win-core-processthreads-l1-1-0.dll'
41e0 pe_info::iterate_imports  154 Checking imports in 'api-ms-win-core-localization-l1-2-0.dll'
41e0 pe_info::iterate_imports  154 Checking imports in 'api-ms-win-core-debug-l1-1-0.dll'
41e0 pe_info::iterate_imports  154 Checking imports in 'api-ms-win-core-handle-l1-1-0.dll'
41e0 pe_info::iterate_imports  154 Checking imports in 'api-ms-win-core-memory-l1-1-0.dll'
41e0 pe_info::iterate_imports  154 Checking imports in 'api-ms-win-core-console-l1-1-0.dll'
41e0 pe_info::iterate_imports  154 Checking imports in 'api-ms-win-core-file-l1-1-0.dll'
41e0 pe_info::iterate_imports  154 Checking imports in 'api-ms-win-core-string-l1-1-0.dll'
41e0 pe_info::iterate_imports  154 Checking imports in 'api-ms-win-core-processenvironment-l1-1-0.dll'
41e0 hook_iat                   81 Found import at 00007FF7CC8E3880 (value = 00007FFCBDFC3480)
41e0 hook_iat                   53 Attempting to hook IAT for module 00007FFC4F3B0000
41e0 hook_iat                   54 Target is (null),GetEnvironmentVariableW (by_name=1)
41e0 pe_info::iterate_imports  154 Checking imports in 'VERSION.dll'
41e0 pe_info::iterate_imports  154 Checking imports in 'SHLWAPI.dll'
41e0 pe_info::iterate_imports  154 Checking imports in 'dbghelp.dll'
41e0 pe_info::iterate_imports  154 Checking imports in 'KERNEL32.dll'
41e0 hook_iat                   81 Found import at 00007FFC4F46C1C8 (value = 00007FFCBF60B620)
41e0 hook_setter::commit        88 <<< Hook transaction committed.
41e0 hook_iat                   53 Attempting to hook IAT for module 00007FF7CC8B0000
41e0 hook_iat                   54 Target is (null),GetEnvironmentVariableW (by_name=1)
41e0 pe_info::iterate_imports  154 Checking imports in 'msvcrt.dll'
41e0 pe_info::iterate_imports  154 Checking imports in 'ntdll.dll'
41e0 pe_info::iterate_imports  154 Checking imports in 'api-ms-win-core-kernel32-legacy-l1-1-0.dll'
41e0 pe_info::iterate_imports  154 Checking imports in 'api-ms-win-core-libraryloader-l1-2-0.dll'
41e0 pe_info::iterate_imports  154 Checking imports in 'api-ms-win-core-synch-l1-1-0.dll'
41e0 pe_info::iterate_imports  154 Checking imports in 'api-ms-win-core-heap-l1-1-0.dll'
41e0 pe_info::iterate_imports  154 Checking imports in 'api-ms-win-core-errorhandling-l1-1-0.dll'
41e0 pe_info::iterate_imports  154 Checking imports in 'api-ms-win-core-processthreads-l1-1-0.dll'
41e0 pe_info::iterate_imports  154 Checking imports in 'api-ms-win-core-localization-l1-2-0.dll'
41e0 pe_info::iterate_imports  154 Checking imports in 'api-ms-win-core-debug-l1-1-0.dll'
41e0 pe_info::iterate_imports  154 Checking imports in 'api-ms-win-core-handle-l1-1-0.dll'
41e0 pe_info::iterate_imports  154 Checking imports in 'api-ms-win-core-memory-l1-1-0.dll'
41e0 pe_info::iterate_imports  154 Checking imports in 'api-ms-win-core-console-l1-1-0.dll'
41e0 pe_info::iterate_imports  154 Checking imports in 'api-ms-win-core-file-l1-1-0.dll'
41e0 pe_info::iterate_imports  154 Checking imports in 'api-ms-win-core-string-l1-1-0.dll'
41e0 pe_info::iterate_imports  154 Checking imports in 'api-ms-win-core-processenvironment-l1-1-0.dll'
41e0 hook_iat                   81 Found import at 00007FF7CC8E3880 (value = 00007FFC4F3BD770)
41e0 hook_setter::hook_setter   36 >>> Started hook transaction.
41e0 hook_setter::add_detour   119 Attempting to hook ReadConsoleW in kernelbase.dll with 00007FFC4F3BDAE0.
41e0 add_repair_iat_node       135 Attempting to hook IAT for module 00007FFC4F3B0000.
41e0 add_repair_iat_node       143 Target is ReadConsoleW (by name).
41e0 pe_info::iterate_imports  154 Checking imports in 'VERSION.dll'
41e0 pe_info::iterate_imports  154 Checking imports in 'SHLWAPI.dll'
41e0 pe_info::iterate_imports  154 Checking imports in 'dbghelp.dll'
41e0 pe_info::iterate_imports  154 Checking imports in 'KERNEL32.dll'
41e0 add_repair_iat_node       168 Found import at 00007FFC4F46C1C0 (value is 00007FFCBF615370).
41e0 hook_setter::add_detour   119 Attempting to hook ReadConsoleW in kernel32.dll with 00007FFC4F3BDAE0.
41e0 follow_jump               121 Following jump to 00007FFCBE09EED0
41e0 add_repair_iat_node       135 Attempting to hook IAT for module 00007FFC4F3B0000.
41e0 add_repair_iat_node       143 Target is ReadConsoleW (by name).
41e0 pe_info::iterate_imports  154 Checking imports in 'VERSION.dll'
41e0 pe_info::iterate_imports  154 Checking imports in 'SHLWAPI.dll'
41e0 pe_info::iterate_imports  154 Checking imports in 'dbghelp.dll'
41e0 pe_info::iterate_imports  154 Checking imports in 'KERNEL32.dll'
41e0 add_repair_iat_node       168 Found import at 00007FFC4F46C1C0 (value is 00007FFCBF615370).
41e0 hook_setter::commit        88 <<< Hook transaction committed.
41e0 history_db::initialise    789 master bank ctag: |CTAG_1611859139_1023762609_9848_0
41e0 history_db::compact       922 History:  0 active, 0 deleted
41e0 win_screen_buffer::begin   77 Using native terminal support; found 'conemuhk64.dll'.
41e0 history_db::compact       922 History:  0 active, 0 deleted
41e0 history_db::compact       922 History:  0 active, 0 deleted
41e0 history_db::compact       922 History:  0 active, 0 deleted
41e0 history_db::compact       922 History:  0 active, 0 deleted
41e0 history_db::compact       922 History:  0 active, 0 deleted
41e0 history_db::compact       922 History:  0 active, 0 deleted
41e0 history_db::compact       922 History:  0 active, 0 deleted
41e0 history_db::compact       922 History:  0 active, 0 deleted
41e0 history_db::compact       922 History:  0 active, 0 deleted
